<?xml version='1.0' encoding='UTF-8'?>
<testsuite hostname="Aashvins-MacBook-Pro.local" name="controllers.ApplicationControllerSpec" tests="1" errors="1" failures="0" skipped="0" time="0.0" timestamp="2023-09-13T10:16:33">
                     <properties>
      <property name="awt.toolkit" value="sun.lwawt.macosx.LWCToolkit"/><property name="java.specification.version" value="11"/><property name="sun.cpu.isalist" value=""/><property name="sun.jnu.encoding" value="UTF-8"/><property name="sun.arch.data.model" value="64"/><property name="java.vendor.url" value="https://openjdk.java.net/"/><property name="sun.boot.library.path" value="/Library/Java/JavaVirtualMachines/jdk-11.jdk/Contents/Home/lib"/><property name="sun.java.command" value="/opt/homebrew/Cellar/sbt/1.9.4/libexec/bin/sbt-launch.jar test"/><property name="jdk.debug" value="release"/><property name="java.specification.vendor" value="Oracle Corporation"/><property name="java.version.date" value="2023-04-18"/><property name="java.home" value="/Library/Java/JavaVirtualMachines/jdk-11.jdk/Contents/Home"/><property name="file.separator" value="/"/><property name="java.vm.compressedOopsMode" value="Zero based"/><property name="line.separator" value="
"/><property name="java.specification.name" value="Java Platform API Specification"/><property name="java.vm.specification.vendor" value="Oracle Corporation"/><property name="sun.management.compiler" value="HotSpot 64-Bit Tiered Compilers"/><property name="java.runtime.version" value="11.0.19+9-LTS-224"/><property name="user.name" value="aashvin.relwani"/><property name="log4j.ignoreTCL" value="true"/><property name="file.encoding" value="UTF-8"/><property name="java.vendor.version" value="18.9"/><property name="java.io.tmpdir" value="/var/folders/sq/kfw5q4jj5471_4xl623gz3nh0000gn/T/"/><property name="java.version" value="11.0.19"/><property name="java.vm.specification.name" value="Java Virtual Machine Specification"/><property name="java.awt.printerjob" value="sun.lwawt.macosx.CPrinterJob"/><property name="sun.os.patch.level" value="unknown"/><property name="java.library.path" value="/Users/aashvin.relwani/Library/Java/Extensions:/Library/Java/Extensions:/Network/Library/Java/Extensions:/System/Library/Java/Extensions:/usr/lib/java:."/><property name="java.vendor" value="Oracle Corporation"/><property name="scala.ext.dirs" value="/Users/aashvin.relwani/.sbt/1.0/java9-rt-ext-oracle_corporation_11_0_19"/><property name="sun.io.unicode.encoding" value="UnicodeBig"/><property name="socksNonProxyHosts" value="local|*.local|169.254/16|*.169.254/16"/><property name="gopherProxySet" value="false"/><property name="java.class.path" value="/opt/homebrew/Cellar/sbt/1.9.4/libexec/bin/sbt-launch.jar"/><property name="java.vm.vendor" value="Oracle Corporation"/><property name="jline.shutdownhook" value="false"/><property name="user.timezone" value="Europe/London"/><property name="os.name" value="Mac OS X"/><property name="java.vm.specification.version" value="11"/><property name="sun.java.launcher" value="SUN_STANDARD"/><property name="user.country" value="GB"/><property name="http.nonProxyHosts" value="local|*.local|169.254/16|*.169.254/16"/><property name="sun.cpu.endian" value="little"/><property name="user.home" value="/Users/aashvin.relwani"/><property name="user.language" value="en"/><property name="sbt.script" value="/opt/homebrew/Cellar/sbt/1.9.4/libexec/bin/sbt"/><property name="swoval.tmpdir" value="/Users/aashvin.relwani/.sbt/1.0"/><property name="java.awt.graphicsenv" value="sun.awt.CGraphicsEnvironment"/><property name="jline.esc.timeout" value="0"/><property name="ftp.nonProxyHosts" value="local|*.local|169.254/16|*.169.254/16"/><property name="path.separator" value=":"/><property name="os.version" value="13.5.1"/><property name="jna.nosys" value="true"/><property name="java.runtime.name" value="Java(TM) SE Runtime Environment"/><property name="java.vm.name" value="Java HotSpot(TM) 64-Bit Server VM"/><property name="java.vendor.url.bug" value="https://bugreport.java.com/bugreport/"/><property name="user.dir" value="/Users/aashvin.relwani/Documents/GitHub/play-template"/><property name="os.arch" value="aarch64"/><property name="java.vm.info" value="mixed mode"/><property name="java.vm.version" value="11.0.19+9-LTS-224"/><property name="java.class.version" value="55.0"/>
    </properties>
                     <testcase classname="controllers.ApplicationControllerSpec" name="(It is not a test it is a sbt.testing.SuiteSelector)" time="0.0">
                                                 <error message="sbt.ForkMain$ForkError: java.lang.NoClassDefFoundError: Could not initialize class com.typesafe.sslconfig.ssl.FakeKeyStore$KeystoreSettings$" type="sbt.ForkMain$ForkError">sbt.ForkMain$ForkError: sbt.ForkMain$ForkError: java.lang.NoClassDefFoundError: Could not initialize class com.typesafe.sslconfig.ssl.FakeKeyStore$KeystoreSettings$
	at com.typesafe.sslconfig.ssl.FakeKeyStore$.generateKeyStore(FakeKeyStore.scala:71)
	at play.core.server.SelfSigned$.x$1$lzycompute(SelfSigned.scala:24)
	at play.core.server.SelfSigned$.x$1(SelfSigned.scala:23)
	at play.core.server.SelfSigned$.sslContext$lzycompute(SelfSigned.scala:23)
	at play.core.server.SelfSigned$.sslContext(SelfSigned.scala:23)
	at play.core.server.SelfSignedSSLEngineProvider.sslContext(SelfSigned.scala:36)
	at play.core.server.AkkaHttpServer.sslContext$lzycompute(AkkaHttpServer.scala:207)
	at play.core.server.AkkaHttpServer.sslContext(AkkaHttpServer.scala:206)
	at play.core.server.AkkaHttpServer.$anonfun$httpsServerBinding$1(AkkaHttpServer.scala:222)
	at play.core.server.AkkaHttpServer.$anonfun$httpsServerBinding$1$adapted(AkkaHttpServer.scala:218)
	at scala.Option.map(Option.scala:242)
	at play.core.server.AkkaHttpServer.&lt;init&gt;(AkkaHttpServer.scala:218)
	at play.core.server.AkkaHttpServerProvider.createServer(AkkaHttpServer.scala:652)
	at play.core.server.AkkaHttpServerProvider.createServer(AkkaHttpServer.scala:650)
	at play.core.server.ServerProvider.createServer(ServerProvider.scala:29)
	at play.core.server.ServerProvider.createServer$(ServerProvider.scala:26)
	at play.core.server.AkkaHttpServerProvider.createServer(AkkaHttpServer.scala:650)
	at play.api.test.TestServer.start(TestServer.scala:47)
	at play.api.test.DefaultTestServerFactory.start(TestServerFactory.scala:46)
	at org.scalatestplus.play.BaseOneServerPerSuite.runningServer(BaseOneServerPerSuite.scala:145)
	at org.scalatestplus.play.BaseOneServerPerSuite.runningServer$(BaseOneServerPerSuite.scala:144)
	at controllers.ApplicationControllerSpec.runningServer$lzycompute(ApplicationControllerSpec.scala:5)
	at controllers.ApplicationControllerSpec.runningServer(ApplicationControllerSpec.scala:5)
	at org.scalatestplus.play.BaseOneServerPerSuite.run(BaseOneServerPerSuite.scala:170)
	at org.scalatestplus.play.BaseOneServerPerSuite.run$(BaseOneServerPerSuite.scala:159)
	at controllers.ApplicationControllerSpec.org$scalatest$BeforeAndAfterAll$$super$run(ApplicationControllerSpec.scala:5)
	at org.scalatest.BeforeAndAfterAll.liftedTree1$1(BeforeAndAfterAll.scala:213)
	at org.scalatest.BeforeAndAfterAll.run(BeforeAndAfterAll.scala:210)
	at org.scalatest.BeforeAndAfterAll.run$(BeforeAndAfterAll.scala:208)
	at controllers.ApplicationControllerSpec.run(ApplicationControllerSpec.scala:5)
	at org.scalatest.tools.Framework.org$scalatest$tools$Framework$$runSuite(Framework.scala:321)
	at org.scalatest.tools.Framework$ScalaTestTask.execute(Framework.scala:517)
	at sbt.ForkMain$Run.lambda$runTest$1(ForkMain.java:304)
	at java.base/java.util.concurrent.FutureTask.run(FutureTask.java:264)
	at java.base/java.util.concurrent.ThreadPoolExecutor.runWorker(ThreadPoolExecutor.java:1128)
	at java.base/java.util.concurrent.ThreadPoolExecutor$Worker.run(ThreadPoolExecutor.java:628)
	at java.base/java.lang.Thread.run(Thread.java:834)
Caused by: sbt.ForkMain$ForkError: sbt.ForkMain$ForkError: java.lang.ExceptionInInitializerError: Exception java.lang.NoSuchFieldError: sha256WithRSAEncryption_oid [in thread &quot;pool-1-thread-1&quot;]
	at com.typesafe.sslconfig.ssl.FakeKeyStore$KeystoreSettings$.&lt;clinit&gt;(FakeKeyStore.scala:55)
	at com.typesafe.sslconfig.ssl.FakeKeyStore$.generateKeyStore(FakeKeyStore.scala:71)
	at play.core.server.SelfSigned$.x$1$lzycompute(SelfSigned.scala:24)
	at play.core.server.SelfSigned$.x$1(SelfSigned.scala:23)
	at play.core.server.SelfSigned$.sslContext$lzycompute(SelfSigned.scala:23)
	at play.core.server.SelfSigned$.sslContext(SelfSigned.scala:23)
	at play.core.server.SelfSignedSSLEngineProvider.sslContext(SelfSigned.scala:36)
	at play.core.server.AkkaHttpServer.sslContext$lzycompute(AkkaHttpServer.scala:207)
	at play.core.server.AkkaHttpServer.sslContext(AkkaHttpServer.scala:206)
	at play.core.server.AkkaHttpServer.$anonfun$httpsServerBinding$1(AkkaHttpServer.scala:222)
	at play.core.server.AkkaHttpServer.$anonfun$httpsServerBinding$1$adapted(AkkaHttpServer.scala:218)
	at scala.Option.map(Option.scala:242)
	at play.core.server.AkkaHttpServer.&lt;init&gt;(AkkaHttpServer.scala:218)
	at play.core.server.AkkaHttpServerProvider.createServer(AkkaHttpServer.scala:652)
	at play.core.server.AkkaHttpServerProvider.createServer(AkkaHttpServer.scala:650)
	at play.core.server.ServerProvider.createServer(ServerProvider.scala:29)
	at play.core.server.ServerProvider.createServer$(ServerProvider.scala:26)
	at play.core.server.AkkaHttpServerProvider.createServer(AkkaHttpServer.scala:650)
	at play.api.test.TestServer.start(TestServer.scala:47)
	at play.api.test.DefaultTestServerFactory.start(TestServerFactory.scala:46)
	at org.scalatestplus.play.BaseOneServerPerSuite.runningServer(BaseOneServerPerSuite.scala:145)
	at org.scalatestplus.play.BaseOneServerPerSuite.runningServer$(BaseOneServerPerSuite.scala:144)
	at controllers.ApplicationControllerSpec.runningServer$lzycompute(ApplicationControllerSpec.scala:5)
	at controllers.ApplicationControllerSpec.runningServer(ApplicationControllerSpec.scala:5)
	at org.scalatestplus.play.ServerProvider.portNumber(ServerProvider.scala:57)
	at org.scalatestplus.play.ServerProvider.portNumber$(ServerProvider.scala:56)
	at controllers.ApplicationControllerSpec.portNumber(ApplicationControllerSpec.scala:5)
	at org.scalatestplus.play.ServerProvider.port(ServerProvider.scala:48)
	at org.scalatestplus.play.ServerProvider.port$(ServerProvider.scala:48)
	at controllers.ApplicationControllerSpec.port(ApplicationControllerSpec.scala:5)
	at org.scalatestplus.play.BaseOneServerPerSuite.run(BaseOneServerPerSuite.scala:161)
	... 13 more
</error>
                                               </testcase>
                     <system-out><![CDATA[]]></system-out>
                     <system-err><![CDATA[]]></system-err>
                   </testsuite>